<?xml version="1.0" encoding="UTF-8"?>
<testng-results ignored="0" total="1" passed="1" failed="0" skipped="0">
  <reporter-output>
    <line>
      <![CDATA[browser is launching]]>
    </line>
    <line>
      <![CDATA[clicking male button]]>
    </line>
    <line>
      <![CDATA[clicking next button]]>
    </line>
    <line>
      <![CDATA[age is selecting]]>
    </line>
    <line>
      <![CDATA[clicking next]]>
    </line>
    <line>
      <![CDATA[entering pincode]]>
    </line>
    <line>
      <![CDATA[entering phonenumber]]>
    </line>
    <line>
      <![CDATA[clicking continue button ]]>
    </line>
    <line>
      <![CDATA[TCcoverfoxResult execution started]]>
    </line>
    <line>
      <![CDATA[getting results]]>
    </line>
    <line>
      <![CDATA[getting results]]>
    </line>
    <line>
      <![CDATA[sort dropdown is displayed]]>
    </line>
    <line>
      <![CDATA[sort dopdown is displayed]]>
    </line>
    <line>
      <![CDATA[TCcoverfoxResultsuccessfully executed]]>
    </line>
    <line>
      <![CDATA[taking screenshot]]>
    </line>
  </reporter-output>
  <suite started-at="2024-08-12T16:59:23 IST" name="Suite" finished-at="2024-08-12T16:59:50 IST" duration-ms="26771">
    <groups>
    </groups>
    <test started-at="2024-08-12T16:59:23 IST" name="CFTest" finished-at="2024-08-12T16:59:50 IST" duration-ms="26771">
      <class name="coverFoxTestpkgPOM.CoverFoxTests">
        <test-method is-config="true" signature="Preconditions()[pri:0, instance:coverFoxTestpkgPOM.CoverFoxTests@2cdd0d4b]" started-at="2024-08-12T16:59:23 IST" name="Preconditions" finished-at="2024-08-12T16:59:33 IST" duration-ms="10734" status="PASS">
          <reporter-output>
            <line>
              <![CDATA[browser is launching]]>
            </line>
          </reporter-output>
        </test-method> <!-- Preconditions -->
        <test-method is-config="true" signature="browserOpen()[pri:0, instance:coverFoxTestpkgPOM.CoverFoxTests@2cdd0d4b]" started-at="2024-08-12T16:59:34 IST" name="browserOpen" finished-at="2024-08-12T16:59:43 IST" duration-ms="9416" status="PASS">
          <reporter-output>
            <line>
              <![CDATA[clicking male button]]>
            </line>
            <line>
              <![CDATA[clicking next button]]>
            </line>
            <line>
              <![CDATA[age is selecting]]>
            </line>
            <line>
              <![CDATA[clicking next]]>
            </line>
            <line>
              <![CDATA[entering pincode]]>
            </line>
            <line>
              <![CDATA[entering phonenumber]]>
            </line>
            <line>
              <![CDATA[clicking continue button ]]>
            </line>
          </reporter-output>
        </test-method> <!-- browserOpen -->
        <test-method signature="coverfoxResult()[pri:0, instance:coverFoxTestpkgPOM.CoverFoxTests@2cdd0d4b]" started-at="2024-08-12T16:59:43 IST" name="coverfoxResult" finished-at="2024-08-12T16:59:49 IST" duration-ms="6372" status="PASS">
          <reporter-output>
            <line>
              <![CDATA[TCcoverfoxResult execution started]]>
            </line>
            <line>
              <![CDATA[getting results]]>
            </line>
            <line>
              <![CDATA[getting results]]>
            </line>
            <line>
              <![CDATA[sort dropdown is displayed]]>
            </line>
            <line>
              <![CDATA[sort dopdown is displayed]]>
            </line>
            <line>
              <![CDATA[TCcoverfoxResultsuccessfully executed]]>
            </line>
          </reporter-output>
        </test-method> <!-- coverfoxResult -->
        <test-method is-config="true" signature="screenshot()[pri:0, instance:coverFoxTestpkgPOM.CoverFoxTests@2cdd0d4b]" started-at="2024-08-12T16:59:49 IST" name="screenshot" finished-at="2024-08-12T16:59:49 IST" duration-ms="157" status="PASS">
          <reporter-output>
            <line>
              <![CDATA[taking screenshot]]>
            </line>
          </reporter-output>
        </test-method> <!-- screenshot -->
      </class> <!-- coverFoxTestpkgPOM.CoverFoxTests -->
    </test> <!-- CFTest -->
  </suite> <!-- Suite -->
</testng-results>
